(July 21, 2013 9:42:56 AM) Error: 1060: Duplicate column name ''
(July 23, 2013 11:21:06 PM) Error: 1060: Duplicate column name ''
(July 31, 2013 7:38:34 AM) Error: 1060: Duplicate column name 'aberdeen,role,north'
(August 2, 2013 11:28:19 PM) Error: 1146: Table 'siftmode.feeds_data' doesn't exist
(August 2, 2013 11:28:21 PM) Error: 1146: Table 'siftmode.feeds_data' doesn't exist
(August 2, 2013 11:29:32 PM) Error: 1146: Table 'siftmode.feeds_data' doesn't exist
(August 2, 2013 11:30:43 PM) Error: 1146: Table 'siftmode.feeds_data' doesn't exist
(August 2, 2013 11:30:49 PM) Error: 1146: Table 'siftmode.feeds_data' doesn't exist
(August 2, 2013 11:31:29 PM) Error: 1054: Unknown column 'PUBLISHED_ON' in 'field list'
(August 2, 2013 11:32:09 PM) Error: 1364: Field 'TITLE_DESCRIPTION_WORDS' doesn't have a default value
(August 2, 2013 11:32:46 PM) Error: 1060: Duplicate column name 'How HG Wells created hobby war gaming'
(August 2, 2013 11:52:48 PM) Error: 1060: Duplicate column name 'How HG Wells created hobby war gaming'
(August 3, 2013 12:07:17 AM) Error: 1064: You have an error in your SQL syntax; check the manual that corresponds to your MySQL server version for the right syntax to use near 'Aug 1 02:06:15 EDT 2013'),
cnnSectionName="us",
sectionName="us",
cnnSubSectionN' at line 2
(August 3, 2013 12:08:14 AM) Error: 1064: You have an error in your SQL syntax; check the manual that corresponds to your MySQL server version for the right syntax to use near 'Aug 1 02:06:15 EDT 2013'),
cnnSectionName="us",
sectionName="us",
cnnSubSectionN' at line 2
(August 3, 2013 12:10:33 AM) Error: 1064: You have an error in your SQL syntax; check the manual that corresponds to your MySQL server version for the right syntax to use near 'change,violence,study,journal,science,shows,that,shifts,historically,have,been,a' at line 2
(August 3, 2013 12:11:27 AM) Error: 1064: You have an error in your SQL syntax; check the manual that corresponds to your MySQL server version for the right syntax to use near 'change,violence,study,journal,science,shows,that,shifts,historically,have,been,a' at line 2
(August 3, 2013 12:12:57 AM) Error: 1064: You have an error in your SQL syntax; check the manual that corresponds to your MySQL server version for the right syntax to use near 'change,violence,study,journal,science,shows,that,shifts,historically,have,been,a' at line 2
(August 3, 2013 12:22:19 AM) Error: 1064: You have an error in your SQL syntax; check the manual that corresponds to your MySQL server version for the right syntax to use near 'change,violence,study,journal,science,shows,that,shifts,historically,have,been,a' at line 2
(August 3, 2013 12:28:45 AM) Error: 1064: You have an error in your SQL syntax; check the manual that corresponds to your MySQL server version for the right syntax to use near 'change,violence,study,journal,science,shows,that,shifts,historically,have,been,a' at line 2
(August 3, 2013 12:31:05 AM) Error: 1064: You have an error in your SQL syntax; check the manual that corresponds to your MySQL server version for the right syntax to use near 'change,violence,study,journal,science,shows,that,shifts,historically,have,been,a' at line 2
(August 3, 2013 12:33:45 AM) Error: 1064: You have an error in your SQL syntax; check the manual that corresponds to your MySQL server version for the right syntax to use near 'change,violence,study,journal,science,shows,that,shifts,historically,have,been,a' at line 2
(August 3, 2013 12:34:47 AM) Error: 1064: You have an error in your SQL syntax; check the manual that corresponds to your MySQL server version for the right syntax to use near 'change,violence,study,journal,science,shows,that,shifts,historically,have,been,a' at line 2
(August 3, 2013 12:38:49 AM) Error: 1064: You have an error in your SQL syntax; check the manual that corresponds to your MySQL server version for the right syntax to use near 'change,violence,study,journal,science,shows,that,shifts,historically,have,been,a' at line 2
(August 3, 2013 12:49:32 AM) Error: 0: 
(August 3, 2013 12:51:08 AM) Error: 1064: You have an error in your SQL syntax; check the manual that corresponds to your MySQL server version for the right syntax to use near 'change,violence,study,journal,science,shows,that,shifts,historically,have,been,a' at line 2
(August 3, 2013 12:54:30 AM) Error: 1064: You have an error in your SQL syntax; check the manual that corresponds to your MySQL server version for the right syntax to use near 'change,violence,study,journal,science,shows,that,shifts,historically,have,been,a' at line 2
(August 3, 2013 12:58:19 AM) Error: 1064: You have an error in your SQL syntax; check the manual that corresponds to your MySQL server version for the right syntax to use near '2013-08-02 12:42:28') LIMIT 1' at line 2
(August 3, 2013 1:00:40 AM) Error: 1064: You have an error in your SQL syntax; check the manual that corresponds to your MySQL server version for the right syntax to use near 'change,violence,study,journal,science,shows,that,shifts,historically,have,been,a' at line 2
(August 3, 2013 1:03:08 AM) Error: 1064: You have an error in your SQL syntax; check the manual that corresponds to your MySQL server version for the right syntax to use near 'change,violence,study,journal,science,shows,that,shifts,historically,have,been,a' at line 2
(August 3, 2013 1:10:29 AM) Error: 1060: Duplicate column name 'How HG Wells created hobby war gaming'
